<?xml version="1.0" encoding="UTF-8"?>
<testng-results ignored="0" total="2" passed="2" failed="0" skipped="0">
  <reporter-output>
  </reporter-output>
  <suite started-at="2024-07-29T14:16:10 IST" name="Default suite" finished-at="2024-07-29T14:16:14 IST" duration-ms="3861">
    <groups>
    </groups>
    <test started-at="2024-07-29T14:16:10 IST" name="Default test" finished-at="2024-07-29T14:16:14 IST" duration-ms="3861">
      <class name="req.WithoutSerDeserialization">
        <test-method signature="createNewRecord()[pri:1, instance:req.WithoutSerDeserialization@7c711375]" started-at="2024-07-29T14:16:10 IST" name="createNewRecord" finished-at="2024-07-29T14:16:13 IST" duration-ms="2532" status="PASS">
          <reporter-output>
          </reporter-output>
        </test-method> <!-- createNewRecord -->
        <test-method signature="getRecord()[pri:2, instance:req.WithoutSerDeserialization@7c711375]" started-at="2024-07-29T14:16:13 IST" name="getRecord" finished-at="2024-07-29T14:16:14 IST" duration-ms="1257" status="PASS">
          <reporter-output>
          </reporter-output>
        </test-method> <!-- getRecord -->
      </class> <!-- req.WithoutSerDeserialization -->
    </test> <!-- Default test -->
  </suite> <!-- Default suite -->
</testng-results>
